[05:50:54 INFO]: Registering port: 8080
[05:50:54 INFO]: Reading MIMETYPES and Deserializing
[05:50:54 INFO]: Mimetypes loaded: 817
[05:50:54 INFO]: Starting server instance...
[05:50:54 INFO]: Listening: http://*:8080/
[05:50:54 INFO]: Serving: D:\Projects\CS\web
[05:50:59 INFO]: Incoming request [/]; asset delivery: D:\Projects\CS\web
[05:50:59 INFO]: Incoming request [/favicon.ico]; asset delivery: D:\Projects\CS\web\favicon.ico
[05:50:59 INFO]: Writing to stream...
[05:51:00 INFO]: Incoming request [/internal]; asset delivery: D:\Projects\CS\web\internal
[05:51:00 INFO]: Incoming request [/internal/]; asset delivery: D:\Projects\CS\web\internal/
[05:51:02 INFO]: Incoming request [/favicon.ico]; asset delivery: D:\Projects\CS\web\favicon.ico
[05:51:02 INFO]: Writing to stream...
[05:51:05 INFO]: Incoming request [/DisplayDirectoryContents.zip]; asset delivery: D:\Projects\CS\web\DisplayDirectoryContents.zip
[05:51:05 INFO]: Writing to stream...
[05:51:08 INFO]: Incoming request [/DisplayDirectoryContents.zip]; asset delivery: D:\Projects\CS\web\DisplayDirectoryContents.zip
[05:51:08 INFO]: Writing to stream...
[05:51:11 INFO]: Incoming request [/Applight]; asset delivery: D:\Projects\CS\web\Applight
[05:51:11 INFO]: Incoming request [/Applight/]; asset delivery: D:\Projects\CS\web\Applight/
[05:51:13 INFO]: Incoming request [/Applight/index.html]; asset delivery: D:\Projects\CS\web\Applight/index.html
[05:51:13 INFO]: Writing to stream...
[05:51:13 INFO]: Incoming request [/Applight/css/animate.css]; asset delivery: D:\Projects\CS\web\Applight/css/animate.css
[05:51:13 INFO]: Incoming request [/Applight/images/logo.png]; asset delivery: D:\Projects\CS\web\Applight/images/logo.png
[05:51:13 INFO]: Incoming request [/Applight/images/appstore.png]; asset delivery: D:\Projects\CS\web\Applight/images/appstore.png
[05:51:13 INFO]: Incoming request [/Applight/style.css]; asset delivery: D:\Projects\CS\web\Applight/style.css
[05:51:13 INFO]: Writing to stream...
[05:51:13 INFO]: Writing to stream...
[05:51:13 INFO]: Writing to stream...
[05:51:13 INFO]: Writing to stream...
[05:51:13 INFO]: Incoming request [/Applight/images/playstore.png]; asset delivery: D:\Projects\CS\web\Applight/images/playstore.png
[05:51:13 INFO]: Incoming request [/Applight/images/iphone-screen.png]; asset delivery: D:\Projects\CS\web\Applight/images/iphone-screen.png
[05:51:13 INFO]: Incoming request [/Applight/images/applight-wave.svg]; asset delivery: D:\Projects\CS\web\Applight/images/applight-wave.svg
[05:51:13 INFO]: Incoming request [/Applight/images/iphone-screen-with-shadow.png]; asset delivery: D:\Projects\CS\web\Applight/images/iphone-screen-with-shadow.png
[05:51:13 INFO]: Writing to stream...
[05:51:13 INFO]: Incoming request [/Applight/images/user1.jpg]; asset delivery: D:\Projects\CS\web\Applight/images/user1.jpg
[05:51:13 INFO]: Writing to stream...
[05:51:13 INFO]: Writing to stream...
[05:51:13 INFO]: Incoming request [/Applight/images/user2.jpg]; asset delivery: D:\Projects\CS\web\Applight/images/user2.jpg
[05:51:13 INFO]: Writing to stream...
[05:51:13 INFO]: Writing to stream...
[05:51:13 INFO]: Incoming request [/Applight/js/scrollIt.min.js]; asset delivery: D:\Projects\CS\web\Applight/js/scrollIt.min.js
[05:51:13 INFO]: Writing to stream...
[05:51:13 INFO]: Incoming request [/Applight/js/wow.min.js]; asset delivery: D:\Projects\CS\web\Applight/js/wow.min.js
[05:51:13 INFO]: Incoming request [/Applight/images/user3.jpg]; asset delivery: D:\Projects\CS\web\Applight/images/user3.jpg
[05:51:13 INFO]: Writing to stream...
[05:51:13 INFO]: Incoming request [/Applight/images/pattern.png]; asset delivery: D:\Projects\CS\web\Applight/images/pattern.png
[05:51:13 INFO]: Writing to stream...
[05:51:13 INFO]: Incoming request [/Applight/images/video-bg.jpg]; asset delivery: D:\Projects\CS\web\Applight/images/video-bg.jpg
[05:51:13 INFO]: Writing to stream...
[05:51:13 INFO]: Writing to stream...
[05:51:13 INFO]: Writing to stream...
[05:51:13 INFO]: Incoming request [/Applight/images/arrow-