[04:33:38 INFO]: Registering port: 8080
[04:33:38 INFO]: Reading MIMETYPES and Deserializing
[04:33:38 INFO]: Mimetypes loaded: 817
[04:33:38 INFO]: Starting server instance...
[04:33:38 INFO]: Listening: http://*:8080/
[04:33:38 INFO]: Serving: D:\Projects\CS\web
[04:33:39 INFO]: Incoming request [/Applight/index.html]; asset delivery: D:\Projects\CS\web\Applight/index.html
[04:33:39 INFO]: Writing to stream...
[04:33:39 INFO]: Incoming request [/Applight/css/animate.css]; asset delivery: D:\Projects\CS\web\Applight/css/animate.css
[04:33:39 INFO]: Writing to stream...
[04:33:39 INFO]: Incoming request [/Applight/style.css]; asset delivery: D:\Projects\CS\web\Applight/style.css
[04:33:39 INFO]: Writing to stream...
[04:33:39 INFO]: Incoming request [/Applight/images/appstore.png]; asset delivery: D:\Projects\CS\web\Applight/images/appstore.png
[04:33:39 INFO]: Incoming request [/Applight/images/logo.png]; asset delivery: D:\Projects\CS\web\Applight/images/logo.png
[04:33:39 INFO]: Writing to stream...
[04:33:39 INFO]: Writing to stream...
[04:33:39 INFO]: Incoming request [/Applight/images/playstore.png]; asset delivery: D:\Projects\CS\web\Applight/images/playstore.png
[04:33:39 INFO]: Incoming request [/Applight/images/iphone-screen-with-shadow.png]; asset delivery: D:\Projects\CS\web\Applight/images/iphone-screen-with-shadow.png
[04:33:39 INFO]: Incoming request [/Applight/images/applight-wave.svg]; asset delivery: D:\Projects\CS\web\Applight/images/applight-wave.svg
[04:33:39 INFO]: Writing to stream...
[04:33:39 INFO]: Writing to stream...
[04:33:39 INFO]: Incoming request [/Applight/images/iphone-screen.png]; asset delivery: D:\Projects\CS\web\Applight/images/iphone-screen.png
[04:33:39 INFO]: Incoming request [/Applight/images/user1.jpg]; asset delivery: D:\Projects\CS\web\Applight/images/user1.jpg
[04:33:39 INFO]: Writing to stream...
[04:33:39 INFO]: Incoming request [/Applight/images/user2.jpg]; asset delivery: D:\Projects\CS\web\Applight/images/user2.jpg
[04:33:39 INFO]: Writing to stream...
[04:33:39 INFO]: Writing to stream...
[04:33:39 INFO]: Incoming request [/Applight/images/pattern.png]; asset delivery: D:\Projects\CS\web\Applight/images/pattern.png
[04:33:39 INFO]: Writing to stream...
[04:33:39 INFO]: Incoming request [/Applight/js/scrollIt.min.js]; asset delivery: D:\Projects\CS\web\Applight/js/scrollIt.min.js
[04:33:39 INFO]: Incoming request [/Applight/js/wow.min.js]; asset delivery: D:\Projects\CS\web\Applight/js/wow.min.js
[04:33:39 INFO]: Incoming request [/Applight/images/user3.jpg]; asset delivery: D:\Projects\CS\web\Applight/images/user3.jpg
[04:33:39 INFO]: Writing to stream...
[04:33:39 INFO]: Incoming request [/Applight/images/video-bg.jpg]; asset delivery: D:\Projects\CS\web\Applight/images/video-bg.jpg
[04:33:39 INFO]: Writing to stream...
[04:33:39 INFO]: Writing to stream...
[04:33:39 INFO]: Writing to stream...
[04:33:39 INFO]: Writing to stream...
[04:33:39 INFO]: Incoming request [/Applight/images/arrow-left.png]; asset delivery: D:\Projects\CS\web\Applight/images/arrow-left.png
[04:33:39 INFO]: Incoming request [/Applight/images/arrow-right.png]; asset delivery: D:\Projects\CS\web\Applight/images/arrow-right.png
[04:33:39 INFO]: Writing to stream...
[04:33:40 INFO]: Writing to stream...
[04:33:40 INFO]: Incoming request [/favicon.ico]; asset delivery: D:\Projects\CS\web\favicon.ico
[04:33:40 INFO]: Writing to stream...
[04:33:42 INFO]: Incoming request [/Applight/index.html]; asset delivery: D:\Projects\CS\web\Applight/index.html
[04:33:42 INFO]: Writing to stream...
[04:33:42 INFO]: Incoming request [/Applight/css/animate.css]; asset delivery: D:\Projects\CS\web\Applight/css/animate.css
[04:33:42 INFO]: Incoming request [/Applight/style.css]; asset delivery: D:\Projects\CS\web\Applight/style.css
[04:33:42 INFO]: Incoming request [/Applight/images/logo.png]; asset delivery: D:\Projects\CS\web\Applight/images/logo.png
[04:33:42 INFO]: Incoming request [/Applight/images/appstore.png]; asset delivery: D:\Projects\CS\web\Applight/images/a