[05:22:54 INFO]: Registering port: 8080
[05:22:54 INFO]: Reading MIMETYPES and Deserializing
[05:22:54 INFO]: Mimetypes loaded: 817
[05:22:54 INFO]: Starting server instance...
[05:22:54 INFO]: Listening: http://*:8080/
[05:22:54 INFO]: Serving: D:\Projects\CS\web
[05:22:55 INFO]: Incoming request [/]; asset delivery: D:\Projects\CS\web
[05:22:55 INFO]: Incoming request [/]; asset delivery: D:\Projects\CS\web
[05:22:55 INFO]: Incoming request [/]; asset delivery: D:\Projects\CS\web
[05:22:55 INFO]: Incoming request [/]; asset delivery: D:\Projects\CS\web
[05:22:55 INFO]: Incoming request [/]; asset delivery: D:\Projects\CS\web
[05:22:55 INFO]: Incoming request [/]; asset delivery: D:\Projects\CS\web
[05:22:55 INFO]: Incoming request [/]; asset delivery: D:\Projects\CS\web
[05:22:55 INFO]: Incoming request [/]; asset delivery: D:\Projects\CS\web
[05:22:55 INFO]: Incoming request [/]; asset delivery: D:\Projects\CS\web
[05:22:55 INFO]: Incoming request [/]; asset delivery: D:\Projects\CS\web
[05:22:55 INFO]: Incoming request [/]; asset delivery: D:\Projects\CS\web
[05:22:55 INFO]: Incoming request [/]; asset delivery: D:\Projects\CS\web
[05:22:55 INFO]: Incoming request [/]; asset delivery: D:\Projects\CS\web
[05:22:55 INFO]: Incoming request [/]; asset delivery: D:\Projects\CS\web
[05:22:55 INFO]: Incoming request [/]; asset delivery: D:\Projects\CS\web
[05:22:55 INFO]: Incoming request [/]; asset delivery: D:\Projects\CS\web
[05:22:55 INFO]: Incoming request [/]; asset delivery: D:\Projects\CS\web
[05:22:55 INFO]: Incoming request [/]; asset delivery: D:\Projects\CS\web
[05:22:55 INFO]: Incoming request [/]; asset delivery: D:\Projects\CS\web
[05:22:55 INFO]: Incoming request [/]; asset delivery: D:\Projects\CS\web
[05:22:56 INFO]: Incoming request [/]; asset delivery: D:\Projects\CS\web
[05:22:56 INFO]: Incoming request [/]; asset delivery: D:\Projects\CS\web
[05:22:56 INFO]: Incoming request [/]; asset delivery: D:\Projects\CS\web
[05:22:56 INFO]: Incoming request [/]; asset delivery: D:\Projects\CS\web
[05:22:56 INFO]: Incoming request [/]; asset delivery: D:\Projects\CS\web
[05:22:56 INFO]: Incoming request [/]; asset delivery: D:\Projects\CS\web
[05:22:56 INFO]: Incoming request [/]; asset delivery: D:\Projects\CS\web
[05:22:56 INFO]: Incoming request [/]; asset delivery: D:\Projects\CS\web
[05:22:56 INFO]: Incoming request [/]; asset delivery: D:\Projects\CS\web
[05:22:56 INFO]: Incoming request [/]; asset delivery: D:\Projects\CS\web
[05:22:56 INFO]: Incoming request [/]; asset delivery: D:\Projects\CS\web
[05:22:56 INFO]: Incoming request [/]; asset delivery: D:\Projects\CS\web
[05:22:56 INFO]: Incoming request [/]; asset delivery: D:\Projects\CS\web
[05:22:56 INFO]: Incoming request [/]; asset delivery: D:\Projects\CS\web
[05:22:56 INFO]: Incoming request [/]; asset delivery: D:\Projects\CS\web
[05:22:56 INFO]: Incoming request [/]; asset delivery: D:\Projects\CS\web
[05:22:56 INFO]: Incoming request [/]; asset delivery: D:\Projects\CS\web
[05:22:56 INFO]: Incoming request [/]; asset delivery: D:\Projects\CS\web
[05:22:56 INFO]: Incoming request [/]; asset delivery: D:\Projects\CS\web
[05:22:56 INFO]: Incoming request [/]; asset delivery: D:\Projects\CS\web
[05:23:01 INFO]: Incoming request [/Applight/]; asset delivery: D:\Projects\CS\web\Applight/
[05:23:01 INFO]: Incoming request [/favicon.ico]; asset delivery: D:\Projects\CS\web\favicon.ico
[05:23:01 INFO]: Writing to stream...
[05:23:03 INFO]: Incoming request [/Applight]; asset delivery: D:\Projects\CS\web\Applight
[05:23:03 INFO]: Incoming request [/]; asset delivery: D:\Projects\CS\web
[05:23:03 INFO]: Incoming request [/]; asset delivery: D:\Projects\CS\web
[05:23:03 INFO]: Incoming request [/]; asset delivery: D:\Projects\CS\web
[05:23:03 INFO]: Incoming request [/]; asset delivery: D:\Projects\CS\web
[05:23:03 INFO]: Incoming request [/]; asset delivery: D:\Projects\CS\web
[05:23:03 INFO]: Incoming request [/]; asset delivery: D:\Projects\CS\web
[05:23:03 INFO]: Incoming request [/]; asset deliver