[21:50:42 INFO]: Reading MIMETYPES and Deserializing
[21:50:42 INFO]: Mimetypes loaded: 817
[21:50:42 INFO]: .123 - application/vnd.lotus-1-2-3
[21:50:42 INFO]: .3dml - text/vnd.in3d.3dml
[21:50:42 INFO]: .3g2 - video/3gpp2
[21:50:42 INFO]: .3gp - video/3gpp
[21:50:42 INFO]: .a - application/octet-stream
[21:50:42 INFO]: .aab - application/x-authorware-bin
[21:50:42 INFO]: .aac - audio/x-aac
[21:50:42 INFO]: .aam - application/x-authorware-map
[21:50:42 INFO]: .aas - application/x-authorware-seg
[21:50:42 INFO]: .abw - application/x-abiword
[21:50:42 INFO]: .acc - application/vnd.americandynamics.acc
[21:50:42 INFO]: .ace - application/x-ace-compressed
[21:50:42 INFO]: .acu - application/vnd.acucobol
[21:50:42 INFO]: .acutc - application/vnd.acucorp
[21:50:42 INFO]: .adp - audio/adpcm
[21:50:42 INFO]: .aep - application/vnd.audiograph
[21:50:42 INFO]: .afm - application/x-font-type1
[21:50:42 INFO]: .afp - application/vnd.ibm.modcap
[21:50:42 INFO]: .ai - application/postscript
[21:50:42 INFO]: .aif - audio/x-aiff
[21:50:42 INFO]: .aifc - audio/x-aiff
[21:50:42 INFO]: .aiff - audio/x-aiff
[21:50:42 INFO]: .air - application/vnd.adobe.air-application-installer-package+zip
[21:50:42 INFO]: .ami - application/vnd.amiga.ami
[21:50:42 INFO]: .apk - application/vnd.android.package-archive
[21:50:42 INFO]: .application - application/x-ms-application
[21:50:42 INFO]: .apr - application/vnd.lotus-approach
[21:50:42 INFO]: .asc - application/pgp-signature
[21:50:42 INFO]: .asf - video/x-ms-asf
[21:50:42 INFO]: .asm - text/x-asm
[21:50:42 INFO]: .aso - application/vnd.accpac.simply.aso
[21:50:42 INFO]: .asx - video/x-ms-asf
[21:50:42 INFO]: .atc - application/vnd.acucorp
[21:50:42 INFO]: .atom - application/atom+xml
[21:50:42 INFO]: .atomcat - application/atomcat+xml
[21:50:42 INFO]: .atomsvc - application/atomsvc+xml
[21:50:42 INFO]: .atx - application/vnd.antix.game-component
[21:50:42 INFO]: .au - audio/basic
[21:50:42 INFO]: .avi - video/x-msvideo
[21:50:42 INFO]: .aw - application/applixware
[21:50:42 INFO]: .azf - application/vnd.airzip.filesecure.azf
[21:50:42 INFO]: .azs - application/vnd.airzip.filesecure.azs
[21:50:42 INFO]: .azw - application/vnd.amazon.ebook
[21:50:42 INFO]: .bat - application/x-msdownload
[21:50:42 INFO]: .bcpio - application/x-bcpio
[21:50:42 INFO]: .bdf - application/x-font-bdf
[21:50:42 INFO]: .bdm - application/vnd.syncml.dm+wbxml
[21:50:42 INFO]: .bh2 - application/vnd.fujitsu.oasysprs
[21:50:42 INFO]: .bin - application/octet-stream
[21:50:42 INFO]: .bmi - application/vnd.bmi
[21:50:42 INFO]: .bmp - image/bmp
[21:50:42 INFO]: .book - application/vnd.framemaker
[21:50:42 INFO]: .box - application/vnd.previewsystems.box
[21:50:42 INFO]: .boz - application/x-bzip2
[21:50:42 INFO]: .bpk - application/octet-stream
[21:50:42 INFO]: .btif - image/prs.btif
[21:50:42 INFO]: .bz - application/x-bzip
[21:50:42 INFO]: .bz2 - application/x-bzip2
[21:50:42 INFO]: .c - text/x-c
[21:50:42 INFO]: .c4d - application/vnd.clonk.c4group
[21:50:42 INFO]: .c4f - application/vnd.clonk.c4group
[21:50:42 INFO]: .c4g - application/vnd.clonk.c4group
[21:50:42 INFO]: .c4p - application/vnd.clonk.c4group
[21:50:42 INFO]: .c4u - application/vnd.clonk.c4group
[21:50:42 INFO]: .cab - application/vnd.ms-cab-compressed
[21:50:42 INFO]: .car - application/vnd.curl.car
[21:50:42 INFO]: .cat - application/vnd.ms-pki.seccat
[21:50:42 INFO]: .cc - text/x-c
[21:50:42 INFO]: .cct - application/x-director
[21:50:42 INFO]: .ccxml - application/ccxml+xml
[21:50:42 INFO]: .cdbcmsg - application/vnd.contact.cmsg
[21:50:42 INFO]: .cdf - application/x-netcdf
[21:50:42 INFO]: .cdkey - application/vnd.mediastation.cdkey
[21:50:42 INFO]: .cdx - chemical/x-cdx
[21:50:42 INFO]: .cdxml - application/vnd.chemdraw+xml
[21:50:42 INFO]: .cdy - application/vnd.cinderella
[21:50:42 INFO]: .cer - application/pkix-cert
[21:50:42 INFO]: .cgm - image/cgm
[21:50:42 INFO]: .chat - application/x-chat
[21:50:42 INFO]: .chm - application/vnd.ms-htmlhelp
[21:50:42 INFO]: .chrt - application/vnd.kde.kchart
[21:50:42 INFO]: .cif - chemical/x-cif
[21:50:42 INFO]: .cii - application/vnd.anser-web-certificate-issue-initiation
[21:50:42 INFO]: .cil - application/vnd.ms-artgalry
[21:50:42 INFO]: .cla - application/vnd.claymore
[21:50:42 INFO]: .class - application/java-vm
[21:50:42 INFO]: .clkk - application/vnd.crick.clicker.keyboard
[21:50:42 INFO]: .clkp - application/vnd.crick.clicker.palette
[21:50:42 INFO]: .clkt - application/vnd.crick.clicker.template
[21:50:42 INFO]: .clkw - application/vnd.crick.clicker.wordbank
[21:50:42 INFO]: .clkx - application/vnd.crick.clicker
[21:50:42 INFO]: .clp - application/x-msclip
[21:50:42 INFO]: .cmc - application/vnd.cosmocaller
[21:50:42 INFO]: .cmdf - chemical/x-cmdf
[21:50:42 INFO]: .cml - chemical/x-cml
[21:50:42 INFO]: .cmp - application/vnd.yellowriver-custom-menu
[21:50:42 INFO]: .cmx - image/x-cmx
[21:50:42 INFO]: .cod - application/vnd.rim.cod
[21:50:42 INFO]: .com - application/x-msdownload
[21:50:42 INFO]: .conf - text/plain
[21:50:42 INFO]: .cpio - application/x-cpio
[21:50:42 INFO]: .cpp - text/x-c
[21:50:42 INFO]: .cpt - application/mac-compactpro
[21:50:42 INFO]: .crd - application/x-mscardfile
[21:50:42 INFO]: .crl - application/pkix-crl
[21:50:42 INFO]: .crt - application/x-x509-ca-cert
[21:50:42 INFO]: .csh - application/x-csh
[21:50:42 INFO]: .csml - chemical/x-csml
[21:50:42 INFO]: .csp - application/vnd.commonspace
[21:50:42 INFO]: .css - text/css
[21:50:42 INFO]: .cst - application/x-director
[21:50:42 INFO]: .csv - text/csv
[21:50:42 INFO]: .cu - application/cu-seeme
[21:50:42 INFO]: .curl - text/vnd.curl
[21:50:42 INFO]: .cww - application/prs.cww
[21:50:42 INFO]: .cxt - application/x-director
[21:50:42 INFO]: .cxx - text/x-c
[21:50:42 INFO]: .daf - application/vnd.mobius.daf
[21:50:42 INFO]: .dataless - application/vnd.fdsn.seed
[21:50:42 INFO]: .davmount - application/davmount+xml
[21:50:42 INFO]: .dcr - application/x-director
[21:50:42 INFO]: .dcurl - text/vnd.curl.dcurl
[21:50:42 INFO]: .dd2 - application/vnd.oma.dd2+xml
[21:50:42 INFO]: .ddd - application/vnd.fujixerox.ddd
[21:50:42 INFO]: .deb - application/x-debian-package
[21:50:42 INFO]: .def - text/plain
[21:50:42 INFO]: .deploy - application/octet-stream
[21:50:42 INFO]: .der - application/x-x509-ca-cert
[21:50:42 INFO]: .dfac - application/vnd.dreamfactory
[21:50:42 INFO]: .dic - text/x-c
[21:50:42 INFO]: .diff - text/plain
[21:50:42 INFO]: .dir - application/x-director
[21:50:42 INFO]: .dis - application/vnd.mobius.dis
[21:50:42 INFO]: .dist - application/octet-stream
[21:50:42 INFO]: .distz - application/octet-stream
[21:50:42 INFO]: .djv - image/vnd.djvu
[21:50:42 INFO]: .djvu - image/vnd.djvu
[21:50:42 INFO]: .dll - application/x-msdownload
[21:50:42 INFO]: .dmg - application/octet-stream
[21:50:42 INFO]: .dms - application/octet-stream
[21:50:42 INFO]: .dna - application/vnd.dna
[21:50:42 INFO]: .doc - application/msword
[21:50:42 INFO]: .docm - application/vnd.ms-word.document.macroenabled.12
[21:50:42 INFO]: .docx - application/vnd.openxmlformats-officedocument.wordprocessingml.document
[21:50:42 INFO]: .dot - application/msword
[21:50:42 INFO]: .dotm - application/vnd.ms-word.template.macroenabled.12
[21:50:42 INFO]: .dotx - application/vnd.openxmlformats-officedocument.wordprocessingml.template
[21:50:42 INFO]: .dp - application/vnd.osgi.dp
[21:50:42 INFO]: .dpg - application/vnd.dpgraph
[21:50:42 INFO]: .dsc - text/prs.lines.tag
[21:50:42 INFO]: .dtb - application/x-dtbook+xml
[21:50:42 INFO]: .dtd - application/xml-dtd
[21:50:42 INFO]: .dts - audio/vnd.dts
[21:50:42 INFO]: .dtshd - audio/vnd.dts.hd
[21:50:42 INFO]: .dump - application/octet-stream
[21:50:42 INFO]: .dvi - application/x-dvi
[21:50:42 INFO]: .dwf - model/vnd.dwf
[21:50:42 INFO]: .dwg - image/vnd.dwg
[21:50:42 INFO]: .dxf - image/vnd.dxf
[21:50:42 INFO]: .dxp - application/vnd.spotfire.dxp
[21:50:42 INFO]: .dxr - application/x-director
[21:50:42 INFO]: .ecelp4800 - audio/vnd.nuera.ecelp4800
[21:50:42 INFO]: .ecelp7470 - audio/vnd.nuera.ecelp7470
[21:50:42 INFO]: .ecelp9600 - audio/vnd.nuera.ecelp9600
[21:50:42 INFO]: .ecma - application/ecmascript
[21:50:42 INFO]: .edm - application/vnd.novadigm.edm
[21:50:42 INFO]: .edx - application/vnd.novadigm.edx
[21:50:42 INFO]: .efif - application/vnd.picsel
[21:50:42 INFO]: .ei6 - application/vnd.pg.osasli
[21:50:42 INFO]: .elc - application/octet-stream
[21:50:42 INFO]: .eml - message/rfc822
[21:50:42 INFO]: .emma - application/emma+xml
[21:50:42 INFO]: .eol - audio/vnd.digital-winds
[21:50:42 INFO]: .eot - application/vnd.ms-fontobject
[21:50:42 INFO]: .eps - application/postscript
[21:50:42 INFO]: .epub - application/epub+zip
[21:50:42 INFO]: .es3 - application/vnd.eszigno3+xml
[21:50:42 INFO]: .esf - application/vnd.epson.esf
[21:50:42 INFO]: .et3 - application/vnd.eszigno3+xml
[21:50:42 INFO]: .etx - text/x-setext
[21:50:42 INFO]: .exe - application/x-msdownload
[21:50:42 INFO]: .ext - application/vnd.novadigm.ext
[21:50:42 INFO]: .ez - application/andrew-inset
[21:50:42 INFO]: .ez2 - application/vnd.ezpix-album
[21:50:42 INFO]: .ez3 - application/vnd.ezpix-package
[21:50:42 INFO]: .f - text/x-fortran
[21:50:42 INFO]: .f4v - video/x-f4v
[21:50:42 INFO]: .f77 - text/x-fortran
[21:50:42 INFO]: .f90 - text/x-fortran
[21:50:42 INFO]: .fbs - image/vnd.fastbidsheet
[21:50:42 INFO]: .fdf - application/vnd.fdf
[21:50:42 INFO]: .fe_launch - application/vnd.denovo.fcselayout-link
[21:50:42 INFO]: .fg5 - application/vnd.fujitsu.oasysgp
[21:50:42 INFO]: .fgd - application/x-director
[21:50:42 INFO]: .fh - image/x-freehand
[21:50:42 INFO]: .fh4 - image/x-freehand
[21:50:42 INFO]: .fh5 - image/x-freehand
[21:50:42 INFO]: .fh7 - image/x-freehand
[21:50:42 INFO]: .fhc - image/x-freehand
[21:50:42 INFO]: .fig - application/x-xfig
[21:50:42 INFO]: .fli - video/x-fli
[21:50:42 INFO]: .flo - application/vnd.micrografx.flo
[21:50:42 INFO]: .flv - video/x-flv
[21:50:42 INFO]: .flw - application/vnd.kde.kivio
[21:50:42 INFO]: .flx - text/vnd.fmi.flexstor
[21:50:42 INFO]: .fly - text/vnd.fly
[21:50:42 INFO]: .fm - application/vnd.framemaker
[21:50:42 INFO]: .fnc - application/vnd.frogans.fnc
[21:50:42 INFO]: .for - text/x-fortran
[21:50:42 INFO]: .fpx - image/vnd.fpx
[21:50:42 INFO]: .frame - application/vnd.framemaker
[21:50:42 INFO]: .fsc - application/vnd.fsc.weblaunch
[21:50:42 INFO]: .fst - image/vnd.fst
[21:50:42 INFO]: .ftc - application/vnd.fluxtime.clip
[21:50:42 INFO]: .fti - application/vnd.anser-web-funds-transfer-initiation
[21:50:42 INFO]: .fvt - video/vnd.fvt
[21:50:42 INFO]: .fzs - application/vnd.fuzzysheet
[21:50:42 INFO]: .g3 - image/g3fax
[21:50:42 INFO]: .gac - application/vnd.groove-account
[21:50:42 INFO]: .gdl - model/vnd.gdl
[21:50:42 INFO]: .geo - application/vnd.dynageo
[21:50:42 INFO]: .gex - application/vnd.geometry-explorer
[21:50:42 INFO]: .ggb - application/vnd.geogebra.file
[21:50:42 INFO]: .ggt - application/vnd.geogebra.tool
[21:50:42 INFO]: .ghf - application/vnd.groove-help
[21:50:42 INFO]: .gif - image/gif
[21:50:42 INFO]: .gim - application/vnd.groove-identity-message
[21:50:42 INFO]: .gmx - application/vnd.gmx
[21:50:42 INFO]: .gnumeric - application/x-gnumeric
[21:50:42 INFO]: .gph - application/vnd.flographit
[21:50:42 INFO]: .gqf - application/vnd.grafeq
[21:50:42 INFO]: .gqs - application/vnd.grafeq
[21:50:42 INFO]: .gram - application/srgs
[21:50:42 INFO]: .gre - application/vnd.geometry-explorer
[21:50:42 INFO]: .grv - application/vnd.groove-injector
[21:50:42 INFO]: .grxml - application/srgs+xml
[21:50:42 INFO]: .gsf - application/x-font-ghostscript
[21:50:42 INFO]: .gtar - application/x-gtar
[21:50:42 INFO]: .gtm - application/vnd.groove-tool-message
[21:50:42 INFO]: .gtw - model/vnd.gtw
[21:50:42 INFO]: .gv - text/vnd.graphviz
[21:50:42 INFO]: .gz - application/x-gzip
[21:50:42 INFO]: .h - text/x-c
[21:50:42 INFO]: .h261 - video/h261
[21:50:42 INFO]: .h263 - video/h263
[21:50:42 INFO]: .h264 - video/h264
[21:50:42 INFO]: .hbci - application/vnd.hbci
[21:50:42 INFO]: .hdf - application/x-hdf
[21:50:42 INFO]: .hh - text/x-c
[21:50:42 INFO]: .hlp - application/winhlp
[21:50:42 INFO]: .hpgl - application/vnd.hp-hpgl
[21:50:42 INFO]: .hpid - application/vnd.hp-hpid
[21:50:42 INFO]: .hps - application/vnd.hp-hps
[21:50:42 INFO]: .hqx - application/mac-binhex40
[21:50:42 INFO]: .htke - application/vnd.kenameaapp
[21:50:42 INFO]: .htm - text/html
[21:50:42 INFO]: .html - text/html
[21:50:42 INFO]: .hvd - application/vnd.yamaha.hv-dic
[21:50:42 INFO]: .hvp - application/vnd.yamaha.hv-voice
[21:50:42 INFO]: .hvs - application/vnd.yamaha.hv-script
[21:50:42 INFO]: .icc - application/vnd.iccprofile
[21:50:42 INFO]: .ice - x-conference/x-cooltalk
[21:50:42 INFO]: .icm - application/vnd.iccprofile
[21:50:42 INFO]: .ico - image/x-icon
[21:50:42 INFO]: .ics - text/calendar
[21:50:42 INFO]: .ief - image/ief
[21:50:42 INFO]: .ifb - text/calendar
[21:50:42 INFO]: .ifm - application/vnd.shana.informed.formdata
[21:50:42 INFO]: .iges - model/iges
[21:50:42 INFO]: .igl - application/vnd.igloader
[21:50:42 INFO]: .igs - model/iges
[21:50:42 INFO]: .igx - application/vnd.micrografx.igx
[21:50:42 INFO]: .iif - application/vnd.shana.informed.interchange
[21:50:42 INFO]: .imp - application/vnd.accpac.simply.imp
[21:50:42 INFO]: .ims - application/vnd.ms-ims
[21:50:42 INFO]: .in - text/plain
[21:50:42 INFO]: .ipk - application/vnd.shana.informed.package
[21:50:42 INFO]: .irm - application/vnd.ibm.rights-management
[21:50:42 INFO]: .irp - application/vnd.irepository.package+xml
[21:50:42 INFO]: .iso - application/octet-stream
[21:50:42 INFO]: .itp - application/vnd.shana.informed.formtemplate
[21:50:42 INFO]: .ivp - application/vnd.immervision-ivp
[21:50:42 INFO]: .ivu - application/vnd.immervision-ivu
[21:50:42 INFO]: .jad - text/vnd.sun.j2me.app-descriptor
[21:50:42 INFO]: .jam - application/vnd.jam
[21:50:42 INFO]: .jar - application/java-archive
[21:50:42 INFO]: .java - text/x-java-source
[21:50:42 INFO]: .jisp - application/vnd.jisp
[21:50:42 INFO]: .jlt - application/vnd.hp-jlyt
[21:50:42 INFO]: .jnlp - application/x-java-jnlp-file
[21:50:42 INFO]: .joda - application/vnd.joost.joda-archive
[21:50:42 INFO]: .jpe - image/jpeg
[21:50:42 INFO]: .jpeg - image/jpeg
[21:50:42 INFO]: .jpg - image/jpeg
[21:50:42 INFO]: .jpgm - video/jpm
[21:50:42 INFO]: .jpgv - video/jpeg
[21:50:42 INFO]: .jpm - video/jpm
[21:50:42 INFO]: .js - application/javascript
[21:50:42 INFO]: .json - application/json
[21:50:42 INFO]: .kar - audio/midi
[21:50:42 INFO]: .karbon - application/vnd.kde.karbon
[21:50:42 INFO]: .kfo - application/vnd.kde.kformula
[21:50:42 INFO]: .kia - application/vnd.kidspiration
[21:50:42 INFO]: .kil - application/x-killustrator
[21:50:42 INFO]: .kml - application/vnd.google-earth.kml+xml
[21:50:42 INFO]: .kmz - application/vnd.google-earth.kmz
[21:50:42 INFO]: .kne - application/vnd.kinar
[21:50:42 INFO]: .knp - application/vnd.kinar
[21:50:42 INFO]: .kon - application/vnd.kde.kontour
[21:50:42 INFO]: .kpr - application/vnd.kde.kpresenter
[21:50:43 INFO]: .kpt - application/vnd.kde.kpresenter
[21:50:43 INFO]: .ksh - text/plain
[21:50:43 INFO]: .ksp - application/vnd.kde.kspread
[21:50:43 INFO]: .ktr - application/vnd.kahootz
[21:50:43 INFO]: .ktz - application/vnd.kahootz
[21:50:43 INFO]: .kwd - application/vnd.kde.kword
[21:50:43 INFO]: .kwt - application/vnd.kde.kword
[21:50:43 INFO]: .latex - application/x-latex
[21:50:43 INFO]: .lbd - application/vnd.llamagraphics.life-balance.desktop
[21:50:43 INFO]: .lbe - application/vnd.llamagraphics.life-balance.exchange+xml
[21:50:43 INFO]: .les - application/vnd.hhe.lesson-player
[21:50:43 INFO]: .lha - application/octet-stream
[21:50:43 INFO]: .link66 - application/vnd.route66.link66+xml
[21:50:43 INFO]: .list - text/plain
[21:50:43 INFO]: .list3820 - application/vnd.ibm.modcap
[21:50:43 INFO]: .listafp - application/vnd.ibm.modcap
[21:50:43 INFO]: .log - text/plain
[21:50:43 INFO]: .lostxml - application/lost+xml
[21:50:43 INFO]: .lrf - application/octet-stream
[21:50:43 INFO]: .lrm - application/vnd.ms-lrm
[21:50:43 INFO]: .ltf - application/vnd.frogans.ltf
[21:50:43 INFO]: .lvp - audio/vnd.lucent.voice
[21:50:43 INFO]: .lwp - application/vnd.lotus-wordpro
[21:50:43 INFO]: .lzh - application/octet-stream
[21:50:43 INFO]: .m13 - application/x-msmediaview
[21:50:43 INFO]: .m14 - application/x-msmediaview
[21:50:43 INFO]: .m1v - video/mpeg
[21:50:43 INFO]: .m2a - audio/mpeg
[21:50:43 INFO]: .m2v - video/mpeg
[21:50:43 INFO]: .m3a - audio/mpeg
[21:50:43 INFO]: .m3u - audio/x-mpegurl
[21:50:43 INFO]: .m4u - video/vnd.mpegurl
[21:50:43 INFO]: .m4v - video/x-m4v
[21:50:43 INFO]: .ma - application/mathematica
[21:50:43 INFO]: .mag - application/vnd.ecowin.chart
[21:50:43 INFO]: .maker - application/vnd.framemaker
[21:50:43 INFO]: .man - text/troff
[21:50:43 INFO]: .mathml - application/mathml+xml
[21:50:43 INFO]: .mb - application/mathematica
[21:50:43 INFO]: .mbk - application/vnd.mobius.mbk
[21:50:43 INFO]: .mbox - application/mbox
[21:50:43 INFO]: .mc1 - application/vnd.medcalcdata
[21:50:43 INFO]: .mcd - application/vnd.mcd
[21:50:43 INFO]: .mcurl - text/vnd.curl.mcurl
[21:50:43 INFO]: .mdb - application/x-msaccess
[21:50:43 INFO]: .mdi - image/vnd.ms-modi
[21:50:43 INFO]: .me - text/troff
[21:50:43 INFO]: .mesh - model/mesh
[21:50:43 INFO]: .mfm - application/vnd.mfmp
[21:50:43 INFO]: .mgz - application/vnd.proteus.magazine
[21:50:43 INFO]: .mht - message/rfc822
[21:50:43 INFO]: .mhtml - message/rfc822
[21:50:43 INFO]: .mid - audio/midi
[21:50:43 INFO]: .midi - audio/midi
[21:50:43 INFO]: .mif - application/vnd.mif
[21:50:43 INFO]: .mime - message/rfc822
[21:50:43 INFO]: .mj2 - video/mj2
[21:50:43 INFO]: .mjp2 - video/mj2
[21:50:43 INFO]: .mlp - application/vnd.dolby.mlp
[21:50:43 INFO]: .mmd - application/vnd.chipnuts.karaoke-mmd
[21:50:43 INFO]: .mmf - application/vnd.smaf
[21:50:43 INFO]: .mmr - image/vnd.fujixerox.edmics-mmr
[21:50:43 INFO]: .mny - application/x-msmoney
[21:50:43 INFO]: .mobi - application/x-mobipocket-ebook
[21:50:43 INFO]: .mov - video/quicktime
[21:50:43 INFO]: .movie - video/x-sgi-movie
[21:50:43 INFO]: .mp2 - audio/mpeg
[21:50:43 INFO]: .mp2a - audio/mpeg
[21:50:43 INFO]: .mp3 - audio/mpeg
[21:50:43 INFO]: .mp4 - video/mp4
[21:50:43 INFO]: .mp4a - audio/mp4
[21:50:43 INFO]: .mp4s - application/mp4
[21:50:43 INFO]: .mp4v - video/mp4
[21:50:43 INFO]: .mpa - video/mpeg
[21:50:43 INFO]: .mpc - application/vnd.mophun.certificate
[21:50:43 INFO]: .mpe - video/mpeg
[21:50:43 INFO]: .mpeg - video/mpeg
[21:50:43 INFO]: .mpg - video/mpeg
[21:50:43 INFO]: .mpg4 - video/mp4
[21:50:43 INFO]: .mpga - audio/mpeg
[21:50:43 INFO]: .mpkg - application/vnd.apple.installer+xml
[21:50:43 INFO]: .mpm - application/vnd.blueice.multipass
[21:50:43 INFO]: .mpn - application/vnd.mophun.application
[21:50:43 INFO]: .mpp - application/vnd.ms-project
[21:50:43 INFO]: .mpt - application/vnd.ms-project
[21:50:43 INFO]: .mpy - application/vnd.ibm.minipay
[21:50:43 INFO]: .mqy - application/vnd.mobius.mqy
[21:50:43 INFO]: .mrc - application/marc
[21:50:43 INFO]: .ms - text/troff
[21:50:43 INFO]: .mscml - application/mediaservercontrol+xml
[21:50:43 INFO]: .mseed - application/vnd.fdsn.mseed
[21:50:43 INFO]: .mseq - application/vnd.mseq
[21:50:43 INFO]: .msf - application/vnd.epson.msf
[21:50:43 INFO]: .msh - model/mesh
[21:50:43 INFO]: .msi - application/x-msdownload
[21:50:43 INFO]: .msl - application/vnd.mobius.msl
[21:50:43 INFO]: .msty - application/vnd.muvee.style
[21:50:43 INFO]: .mts - model/vnd.mts
[21:50:43 INFO]: .mus - application/vnd.musician
[21:50:43 INFO]: .musicxml - application/vnd.recordare.musicxml+xml
[21:50:43 INFO]: .mvb - application/x-msmediaview
[21:50:43 INFO]: .mwf - application/vnd.mfer
[21:50:43 INFO]: .mxf - application/mxf
[21:50:43 INFO]: .mxl - application/vnd.recordare.musicxml
[21:50:43 INFO]: .mxml - application/xv+xml
[21:50:43 INFO]: .mxs - application/vnd.triscape.mxs
[21:50:43 INFO]: .mxu - video/vnd.mpegurl
[21:50:43 INFO]: .n-gage - application/vnd.nokia.n-gage.symbian.install
[21:50:43 INFO]: .nb - application/mathematica
[21:50:43 INFO]: .nc - application/x-netcdf
[21:50:43 INFO]: .ncx - application/x-dtbncx+xml
[21:50:43 INFO]: .ngdat - application/vnd.nokia.n-gage.data
[21:50:43 INFO]: .nlu - application/vnd.neurolanguage.nlu
[21:50:43 INFO]: .nml - application/vnd.enliven
[21:50:43 INFO]: .nnd - application/vnd.noblenet-directory
[21:50:43 INFO]: .nns - application/vnd.noblenet-sealer
[21:50:43 INFO]: .nnw - application/vnd.noblenet-web
[21:50:43 INFO]: .npx - image/vnd.net-fpx
[21:50:43 INFO]: .nsf - application/vnd.lotus-notes
[21:50:43 INFO]: .nws - message/rfc822
[21:50:43 INFO]: .o - application/octet-stream
[21:50:43 INFO]: .oa2 - application/vnd.fujitsu.oasys2
[21:50:43 INFO]: .oa3 - application/vnd.fujitsu.oasys3
[21:50:43 INFO]: .oas - application/vnd.fujitsu.oasys
[21:50:43 INFO]: .obd - application/x-msbinder
[21:50:43 INFO]: .obj - application/octet-stream
[21:50:43 INFO]: .oda - application/oda
[21:50:43 INFO]: .odb - application/vnd.oasis.opendocument.database
[21:50:43 INFO]: .odc - application/vnd.oasis.opendocument.chart
[21:50:43 INFO]: .odf - application/vnd.oasis.opendocument.formula
[21:50:43 INFO]: .odft - application/vnd.oasis.opendocument.formula-template
[21:50:43 INFO]: .odg - application/vnd.oasis.opendocument.graphics
[21:50:43 INFO]: .odi - application/vnd.oasis.opendocument.image
[21:50:43 INFO]: .odp - application/vnd.oasis.opendocument.presentation
[21:50:43 INFO]: .ods - application/vnd.oasis.opendocument.spreadsheet
[21:50:43 INFO]: .odt - application/vnd.oasis.opendocument.text
[21:50:43 INFO]: .oga - audio/ogg
[21:50:43 INFO]: .ogg - audio/ogg
[21:50:43 INFO]: .ogv - video/ogg
[21:50:43 INFO]: .ogx - application/ogg
[21:50:43 INFO]: .onepkg - application/onenote
[21:50:43 INFO]: .onetmp - application/onenote
[21:50:43 INFO]: .onetoc - application/onenote
[21:50:43 INFO]: .onetoc2 - application/onenote
[21:50:43 INFO]: .opf - application/oebps-package+xml
[21:50:43 INFO]: .oprc - application/vnd.palm
[21:50:43 INFO]: .org - application/vnd.lotus-organizer
[21:50:43 INFO]: .osf - application/vnd.yamaha.openscoreformat
[21:50:43 INFO]: .osfpvg - application/vnd.yamaha.openscoreformat.osfpvg+xml
[21:50:43 INFO]: .otc - application/vnd.oasis.opendocument.chart-template
[21:50:43 INFO]: .otf - application/x-font-otf
[21:50:43 INFO]: .otg - application/vnd.oasis.opendocument.graphics-template
[21:50:43 INFO]: .oth - application/vnd.oasis.opendocument.text-web
[21:50:43 INFO]: .oti - application/vnd.oasis.opendocument.image-template
[21:50:43 INFO]: .otm - application/vnd.oasis.opendocument.text-master
[21:50:43 INFO]: .otp - application/vnd.oasis.opendocument.presentation-template
[21:50:43 INFO]: .ots - application/vnd.oasis.opendocument.spreadsheet-template
[21:50:43 INFO]: .ott - application/vnd.oasis.opendocument.text-template
[21:50:43 INFO]: .oxt - application/vnd.openofficeorg.extension
[21:50:43 INFO]: .p - text/x-pascal
[21:50:43 INFO]: .p10 - application/pkcs10
[21:50:43 INFO]: .p12 - application/x-pkcs12
[21:50:43 INFO]: .p7b - application/x-pkcs7-certificates
[21:50:43 INFO]: .p7c - application/pkcs7-mime
[21:50:43 INFO]: .p7m - application/pkcs7-mime
[21:50:43 INFO]: .p7r - application/x-pkcs7-certreqresp
[21:50:43 INFO]: .p7s - application/pkcs7-signature
[21:50:43 INFO]: .pas - text/x-pascal
[21:50:43 INFO]: .pbd - application/vnd.powerbuilder6
[21:50:43 INFO]: .pbm - image/x-portable-bitmap
[21:50:43 INFO]: .pcf - application/x-font-pcf
[21:50:43 INFO]: .pcl - application/vnd.hp-pcl
[21:50:43 INFO]: .pclxl - application/vnd.hp-pclxl
[21:50:43 INFO]: .pct - image/x-pict
[21:50:43 INFO]: .pcurl - application/vnd.curl.pcurl
[21:50:43 INFO]: .pcx - image/x-pcx
[21:50:43 INFO]: .pdb - application/vnd.palm
[21:50:43 INFO]: .pdf - application/pdf
[21:50:43 INFO]: .pfa - application/x-font-type1
[21:50:43 INFO]: .pfb - application/x-font-type1
[21:50:43 INFO]: .pfm - application/x-font-type1
[21:50:43 INFO]: .pfr - application/font-tdpfr
[21:50:43 INFO]: .pfx - application/x-pkcs12
[21:50:43 INFO]: .pgm - image/x-portable-graymap
[21:50:43 INFO]: .pgn - application/x-chess-pgn
[21:50:43 INFO]: .pgp - application/pgp-encrypted
[21:50:43 INFO]: .pic - image/x-pict
[21:50:43 INFO]: .pkg - application/octet-stream
[21:50:43 INFO]: .pki - application/pkixcmp
[21:50:43 INFO]: .pkipath - application/pkix-pkipath
[21:50:43 INFO]: .pl - text/plain
[21:50:43 INFO]: .plb - application/vnd.3gpp.pic-bw-large
[21:50:43 INFO]: .plc - application/vnd.mobius.plc
[21:50:43 INFO]: .plf - application/vnd.pocketlearn
[21:50:43 INFO]: .pls - application/pls+xml
[21:50:43 INFO]: .pml - application/vnd.ctc-posml
[21:50:43 INFO]: .png - image/png
[21:50:43 INFO]: .pnm - image/x-portable-anymap
[21:50:43 INFO]: .portpkg - application/vnd.macports.portpkg
[21:50:43 INFO]: .pot - application/vnd.ms-powerpoint
[21:50:43 INFO]: .potm - application/vnd.ms-powerpoint.template.macroenabled.12
[21:50:43 INFO]: .potx - application/vnd.openxmlformats-officedocument.presentationml.template
[21:50:43 INFO]: .ppa - application/vnd.ms-powerpoint
[21:50:43 INFO]: .ppam - application/vnd.ms-powerpoint.addin.macroenabled.12
[21:50:43 INFO]: .ppd - application/vnd.cups-ppd
[21:50:43 INFO]: .ppm - image/x-portable-pixmap
[21:50:43 INFO]: .pps - application/vnd.ms-powerpoint
[21:50:43 INFO]: .ppsm - application/vnd.ms-powerpoint.slideshow.macroenabled.12
[21:50:43 INFO]: .ppsx - application/vnd.openxmlformats-officedocument.presentationml.slideshow
[21:50:43 INFO]: .ppt - application/vnd.ms-powerpoint
[21:50:43 INFO]: .pptm - application/vnd.ms-powerpoint.presentation.macroenabled.12
[21:50:43 INFO]: .pptx - application/vnd.openxmlformats-officedocument.presentationml.presentation
[21:50:43 INFO]: .pqa - application/vnd.palm
[21:50:43 INFO]: .prc - application/x-mobipocket-ebook
[21:50:43 INFO]: .pre - application/vnd.lotus-freelance
[21:50:43 INFO]: .prf - application/pics-rules
[21:50:43 INFO]: .ps - application/postscript
[21:50:43 INFO]: .psb - application/vnd.3gpp.pic-bw-small
[21:50:43 INFO]: .psd - image/vnd.adobe.photoshop
[21:50:43 INFO]: .psf - application/x-font-linux-psf
[21:50:43 INFO]: .ptid - application/vnd.pvi.ptid1
[21:50:43 INFO]: .pub - application/x-mspublisher
[21:50:43 INFO]: .pvb - application/vnd.3gpp.pic-bw-var
[21:50:43 INFO]: .pwn - application/vnd.3m.post-it-notes
[21:50:43 INFO]: .pwz - application/vnd.ms-powerpoint
[21:50:43 INFO]: .py - text/x-python
[21:50:43 INFO]: .pya - audio/vnd.ms-playready.media.pya
[21:50:43 INFO]: .pyc - application/x-python-code
[21:50:43 INFO]: .pyo - application/x-python-code
[21:50:43 INFO]: .pyv - video/vnd.ms-playready.media.pyv
[21:50:43 INFO]: .qam - application/vnd.epson.quickanime
[21:50:43 INFO]: .qbo - application/vnd.intu.qbo
[21:50:43 INFO]: .qfx - application/vnd.intu.qfx
[21:50:43 INFO]: .qps - application/vnd.publishare-delta-tree
[21:50:43 INFO]: .qt - video/quicktime
[21:50:43 INFO]: .qwd - application/vnd.quark.quarkxpress
[21:50:43 INFO]: .qwt - application/vnd.quark.quarkxpress
[21:50:43 INFO]: .qxb - application/vnd.quark.quarkxpress
[21:50:43 INFO]: .qxd - application/vnd.quark.quarkxpress
[21:50:43 INFO]: .qxl - application/vnd.quark.quarkxpress
[21:50:43 INFO]: .qxt - application/vnd.quark.quarkxpress
[21:50:43 INFO]: .ra - audio/x-pn-realaudio
[21:50:43 INFO]: .ram - audio/x-pn-realaudio
[21:50:43 INFO]: .rar - application/x-rar-compressed
[21:50:43 INFO]: .ras - image/x-cmu-raster
[21:50:43 INFO]: .rcprofile - application/vnd.ipunplugged.rcprofile
[21:50:43 INFO]: .rdf - application/rdf+xml
[21:50:43 INFO]: .rdz - application/vnd.data-vision.rdz
[21:50:43 INFO]: .rep - application/vnd.businessobjects
[21:50:43 INFO]: .res - application/x-dtbresource+xml
[21:50:43 INFO]: .rgb - image/x-rgb
[21:50:43 INFO]: .rif - application/reginfo+xml
[21:50:43 INFO]: .rl - application/resource-lists+xml
[21:50:43 INFO]: .rlc - image/vnd.fujixerox.edmics-rlc
[21:50:43 INFO]: .rld - application/resource-lists-diff+xml
[21:50:43 INFO]: .rm - application/vnd.rn-realmedia
[21:50:43 INFO]: .rmi - audio/midi
[21:50:43 INFO]: .rmp - audio/x-pn-realaudio-plugin
[21:50:43 INFO]: .rms - application/vnd.jcp.javame.midlet-rms
[21:50:43 INFO]: .rnc - application/relax-ng-compact-syntax
[21:50:43 INFO]: .roff - text/troff
[21:50:43 INFO]: .rpm - application/x-rpm
[21:50:43 INFO]: .rpss - application/vnd.nokia.radio-presets
[21:50:43 INFO]: .rpst - application/vnd.nokia.radio-preset
[21:50:43 INFO]: .rq - application/sparql-query
[21:50:43 INFO]: .rs - application/rls-services+xml
[21:50:43 INFO]: .rsd - application/rsd+xml
[21:50:43 INFO]: .rss - application/rss+xml
[21:50:43 INFO]: .rtf - application/rtf
[21:50:43 INFO]: .rtx - text/richtext
[21:50:43 INFO]: .s - text/x-asm
[21:50:43 INFO]: .saf - application/vnd.yamaha.smaf-audio
[21:50:43 INFO]: .sbml - application/sbml+xml
[21:50:43 INFO]: .sc - application/vnd.ibm.secure-container
[21:50:43 INFO]: .scd - application/x-msschedule
[21:50:43 INFO]: .scm - application/vnd.lotus-screencam
[21:50:43 INFO]: .scq - application/scvp-cv-request
[21:50:43 INFO]: .scs - application/scvp-cv-response
[21:50:43 INFO]: .scurl - text/vnd.curl.scurl
[21:50:43 INFO]: .sda - application/vnd.stardivision.draw
[21:50:43 INFO]: .sdc - application/vnd.stardivision.calc
[21:50:43 INFO]: .sdd - application/vnd.stardivision.impress
[21:50:43 INFO]: .sdkd - application/vnd.solent.sdkm+xml
[21:50:43 INFO]: .sdkm - application/vnd.solent.sdkm+xml
[21:50:43 INFO]: .sdp - application/sdp
[21:50:43 INFO]: .sdw - application/vnd.stardivision.writer
[21:50:43 INFO]: .see - application/vnd.seemail
[21:50:43 INFO]: .seed - application/vnd.fdsn.seed
[21:50:43 INFO]: .sema - application/vnd.sema
[21:50:43 INFO]: .semd - application/vnd.semd
[21:50:43 INFO]: .semf - application/vnd.semf
[21:50:43 INFO]: .ser - application/java-serialized-object
[21:50:43 INFO]: .setpay - application/set-payment-initiation
[21:50:43 INFO]: .setreg - application/set-registration-initiation
[21:50:43 INFO]: .sfd-hdstx - application/vnd.hydrostatix.sof-data
[21:50:43 INFO]: .sfs - application/vnd.spotfire.sfs
[21:50:43 INFO]: .sgl - application/vnd.stardivision.writer-global
[21:50:43 INFO]: .sgm - text/sgml
[21:50:43 INFO]: .sgml - text/sgml
[21:50:43 INFO]: .sh - application/x-sh
[21:50:43 INFO]: .shar - application/x-shar
[21:50:43 INFO]: .shf - application/shf+xml
[21:50:43 INFO]: .si - text/vnd.wap.si
[21:50:43 INFO]: .sic - application/vnd.wap.sic
[21:50:43 INFO]: .sig - application/pgp-signature
[21:50:43 INFO]: .silo - model/mesh
[21:50:43 INFO]: .sis - application/vnd.symbian.install
[21:50:43 INFO]: .sisx - application/vnd.symbian.install
[21:50:43 INFO]: .sit - application/x-stuffit
[21:50:43 INFO]: .sitx - application/x-stuffitx
[21:50:43 INFO]: .skd - application/vnd.koan
[21:50:43 INFO]: .skm - application/vnd.koan
[21:50:43 INFO]: .skp - application/vnd.koan
[21:50:43 INFO]: .skt - application/vnd.koan
[21:50:43 INFO]: .sl - text/vnd.wap.sl
[21:50:43 INFO]: .slc - application/vnd.wap.slc
[21:50:43 INFO]: .sldm - application/vnd.ms-powerpoint.slide.macroenabled.12
[21:50:43 INFO]: .sldx - application/vnd.openxmlformats-officedocument.presentationml.slide
[21:50:43 INFO]: .slt - application/vnd.epson.salt
[21:50:43 INFO]: .smf - application/vnd.stardivision.math
[21:50:43 INFO]: .smi - application/smil+xml
[21:50:43 INFO]: .smil - application/smil+xml
[21:50:43 INFO]: .snd - audio/basic
[21:50:43 INFO]: .snf - application/x-font-snf
[21:50:43 INFO]: .so - application/octet-stream
[21:50:43 INFO]: .spc - application/x-pkcs7-certificates
[21:50:43 INFO]: .spf - application/vnd.yamaha.smaf-phrase
[21:50:43 INFO]: .spl - application/x-futuresplash
[21:50:43 INFO]: .spot - text/vnd.in3d.spot
[21:50:43 INFO]: .spp - application/scvp-vp-response
[21:50:43 INFO]: .spq - application/scvp-vp-request
[21:50:43 INFO]: .spx - audio/ogg
[21:50:43 INFO]: .src - application/x-wais-source
[21:50:43 INFO]: .srx - application/sparql-results+xml
[21:50:43 INFO]: .sse - application/vnd.kodak-descriptor
[21:50:43 INFO]: .ssf - application/vnd.epson.ssf
[21:50:43 INFO]: .ssml - application/ssml+xml
[21:50:43 INFO]: .stc - application/vnd.sun.xml.calc.template
[21:50:43 INFO]: .std - application/vnd.sun.xml.draw.template
[21:50:43 INFO]: .stf - application/vnd.wt.stf
[21:50:43 INFO]: .sti - application/vnd.sun.xml.impress.template
[21:50:43 INFO]: .stk - application/hyperstudio
[21:50:43 INFO]: .stl - application/vnd.ms-pki.stl
[21:50:43 INFO]: .str - application/vnd.pg.format
[21:50:43 INFO]: .stw - application/vnd.sun.xml.writer.template
[21:50:43 INFO]: .sus - application/vnd.sus-calendar
[21:50:43 INFO]: .susp - application/vnd.sus-calendar
[21:50:43 INFO]: .sv4cpio - application/x-sv4cpio
[21:50:43 INFO]: .sv4crc - application/x-sv4crc
[21:50:43 INFO]: .svd - application/vnd.svd
[21:50:43 INFO]: .svg - image/svg+xml
[21:50:43 INFO]: .svgz - image/svg+xml
[21:50:43 INFO]: .swa - application/x-director
[21:50:43 INFO]: .swf - application/x-shockwave-flash
[21:50:43 INFO]: .swi - application/vnd.arastra.swi
[21:50:43 INFO]: .sxc - application/vnd.sun.xml.calc
[21:50:43 INFO]: .sxd - application/vnd.sun.xml.draw
[21:50:43 INFO]: .sxg - application/vnd.sun.xml.writer.global
[21:50:43 INFO]: .sxi - application/vnd.sun.xml.impress
[21:50:43 INFO]: .sxm - application/vnd.sun.xml.math
[21:50:43 INFO]: .sxw - application/vnd.sun.xml.writer
[21:50:43 INFO]: .t - text/troff
[21:50:43 INFO]: .tao - application/vnd.tao.intent-module-archive
[21:50:43 INFO]: .tar - application/x-tar
[21:50:43 INFO]: .tcap - application/vnd.3gpp2.tcap
[21:50:43 INFO]: .tcl - application/x-tcl
[21:50:43 INFO]: .teacher - application/vnd.smart.teacher
[21:50:43 INFO]: .tex - application/x-tex
[21:50:43 INFO]: .texi - application/x-texinfo
[21:50:43 INFO]: .texinfo - application/x-texinfo
[21:50:43 INFO]: .text - text/plain
[21:50:43 INFO]: .tfm - application/x-tex-tfm
[21:50:43 INFO]: .tgz - application/x-gzip
[21:50:43 INFO]: .tif - image/tiff
[21:50:43 INFO]: .tiff - image/tiff
[21:50:43 INFO]: .tmo - application/vnd.tmobile-livetv
[21:50:43 INFO]: .torrent - application/x-bittorrent
[21:50:43 INFO]: .tpl - application/vnd.groove-tool-template
[21:50:43 INFO]: .tpt - application/vnd.trid.tpt
[21:50:43 INFO]: .tr - text/troff
[21:50:43 INFO]: .tra - application/vnd.trueapp
[21:50:43 INFO]: .trm - application/x-msterminal
[21:50:43 INFO]: .tsv - text/tab-separated-values
[21:50:43 INFO]: .ttc - application/x-font-ttf
[21:50:43 INFO]: .ttf - application/x-font-ttf
[21:50:43 INFO]: .twd - application/vnd.simtech-mindmapper
[21:50:43 INFO]: .twds - application/vnd.simtech-mindmapper
[21:50:43 INFO]: .txd - application/vnd.genomatix.tuxedo
[21:50:43 INFO]: .txf - application/vnd.mobius.txf
[21:50:43 INFO]: .txt - text/plain
[21:50:43 INFO]: .u32 - application/x-authorware-bin
[21:50:43 INFO]: .udeb - application/x-debian-package
[21:50:43 INFO]: .ufd - application/vnd.ufdl
[21:50:43 INFO]: .ufdl - application/vnd.ufdl
[21:50:43 INFO]: .umj - application/vnd.umajin
[21:50:43 INFO]: .unityweb - application/vnd.unity
[21:50:43 INFO]: .uoml - application/vnd.uoml+xml
[21:50:43 INFO]: .uri - text/uri-list
[21:50:43 INFO]: .uris - text/uri-list
[21:50:43 INFO]: .urls - text/uri-list
[21:50:43 INFO]: .ustar - application/x-ustar
[21:50:43 INFO]: .utz - application/vnd.uiq.theme
[21:50:43 INFO]: .uu - text/x-uuencode
[21:50:43 INFO]: .vcd - application/x-cdlink
[21:50:43 INFO]: .vcf - text/x-vcard
[21:50:43 INFO]: .vcg - application/vnd.groove-vcard
[21:50:43 INFO]: .vcs - text/x-vcalendar
[21:50:43 INFO]: .vcx - application/vnd.vcx
[21:50:43 INFO]: .vis - application/vnd.visionary
[21:50:43 INFO]: .viv - video/vnd.vivo
[21:50:43 INFO]: .vor - application/vnd.stardivision.writer
[21:50:43 INFO]: .vox - application/x-authorware-bin
[21:50:43 INFO]: .vrml - model/vrml
[21:50:43 INFO]: .vsd - application/vnd.visio
[21:50:43 INFO]: .vsf - application/vnd.vsf
[21:50:43 INFO]: .vss - application/vnd.visio
[21:50:43 INFO]: .vst - application/vnd.visio
[21:50:43 INFO]: .vsw - application/vnd.visio
[21:50:43 INFO]: .vtu - model/vnd.vtu
[21:50:43 INFO]: .vxml - application/voicexml+xml
[21:50:43 INFO]: .w3d - application/x-director
[21:50:43 INFO]: .wad - application/x-doom
[21:50:43 INFO]: .wav - audio/x-wav
[21:50:43 INFO]: .wax - audio/x-ms-wax
[21:50:43 INFO]: .wbmp - image/vnd.wap.wbmp
[21:50:43 INFO]: .wbs - application/vnd.criticaltools.wbs+xml
[21:50:43 INFO]: .wbxml - application/vnd.wap.wbxml
[21:50:43 INFO]: .wcm - application/vnd.ms-works
[21:50:43 INFO]: .wdb - application/vnd.ms-works
[21:50:43 INFO]: .wiz - application/msword
[21:50:43 INFO]: .wks - application/vnd.ms-works
[21:50:43 INFO]: .wm - video/x-ms-wm
[21:50:43 INFO]: .wma - audio/x-ms-wma
[21:50:43 INFO]: .wmd - application/x-ms-wmd
[21:50:43 INFO]: .wmf - application/x-msmetafile
[21:50:43 INFO]: .wml - text/vnd.wap.wml
[21:50:43 INFO]: .wmlc - application/vnd.wap.wmlc
[21:50:43 INFO]: .wmls - text/vnd.wap.wmlscript
[21:50:43 INFO]: .wmlsc - application/vnd.wap.wmlscriptc
[21:50:43 INFO]: .wmv - video/x-ms-wmv
[21:50:43 INFO]: .wmx - video/x-ms-wmx
[21:50:43 INFO]: .wmz - application/x-ms-wmz
[21:50:43 INFO]: .wpd - application/vnd.wordperfect
[21:50:43 INFO]: .wpl - application/vnd.ms-wpl
[21:50:43 INFO]: .wps - application/vnd.ms-works
[21:50:43 INFO]: .wqd - application/vnd.wqd
[21:50:43 INFO]: .wri - application/x-mswrite
[21:50:43 INFO]: .wrl - model/vrml
[21:50:43 INFO]: .wsdl - application/wsdl+xml
[21:50:43 INFO]: .wspolicy - application/wspolicy+xml
[21:50:43 INFO]: .wtb - application/vnd.webturbo
[21:50:43 INFO]: .wvx - video/x-ms-wvx
[21:50:43 INFO]: .x32 - application/x-authorware-bin
[21:50:43 INFO]: .x3d - application/vnd.hzn-3d-crossword
[21:50:44 INFO]: .xap - application/x-silverlight-app
[21:50:44 INFO]: .xar - application/vnd.xara
[21:50:44 INFO]: .xbap - application/x-ms-xbap
[21:50:44 INFO]: .xbd - application/vnd.fujixerox.docuworks.binder
[21:50:44 INFO]: .xbm - image/x-xbitmap
[21:50:44 INFO]: .xdm - application/vnd.syncml.dm+xml
[21:50:44 INFO]: .xdp - application/vnd.adobe.xdp+xml
[21:50:44 INFO]: .xdw - application/vnd.fujixerox.docuworks
[21:50:44 INFO]: .xenc - application/xenc+xml
[21:50:44 INFO]: .xer - application/patch-ops-error+xml
[21:50:44 INFO]: .xfdf - application/vnd.adobe.xfdf
[21:50:44 INFO]: .xfdl - application/vnd.xfdl
[21:50:44 INFO]: .xht - application/xhtml+xml
[21:50:44 INFO]: .xhtml - application/xhtml+xml
[21:50:44 INFO]: .xhvml - application/xv+xml
[21:50:44 INFO]: .xif - image/vnd.xiff
[21:50:44 INFO]: .xla - application/vnd.ms-excel
[21:50:44 INFO]: .xlam - application/vnd.ms-excel.addin.macroenabled.12
[21:50:44 INFO]: .xlb - application/vnd.ms-excel
[21:50:44 INFO]: .xlc - application/vnd.ms-excel
[21:50:44 INFO]: .xlm - application/vnd.ms-excel
[21:50:44 INFO]: .xls - application/vnd.ms-excel
[21:50:44 INFO]: .xlsb - application/vnd.ms-excel.sheet.binary.macroenabled.12
[21:50:44 INFO]: .xlsm - application/vnd.ms-excel.sheet.macroenabled.12
[21:50:44 INFO]: .xlsx - application/vnd.openxmlformats-officedocument.spreadsheetml.sheet
[21:50:44 INFO]: .xlt - application/vnd.ms-excel
[21:50:44 INFO]: .xltm - application/vnd.ms-excel.template.macroenabled.12
[21:50:44 INFO]: .xltx - application/vnd.openxmlformats-officedocument.spreadsheetml.template
[21:50:44 INFO]: .xlw - application/vnd.ms-excel
[21:50:44 INFO]: .xml - application/xml
[21:50:44 INFO]: .xo - application/vnd.olpc-sugar
[21:50:44 INFO]: .xop - application/xop+xml
[21:50:44 INFO]: .xpdl - application/xml
[21:50:44 INFO]: .xpi - application/x-xpinstall
[21:50:44 INFO]: .xpm - image/x-xpixmap
[21:50:44 INFO]: .xpr - application/vnd.is-xpr
[21:50:44 INFO]: .xps - application/vnd.ms-xpsdocument
[21:50:44 INFO]: .xpw - application/vnd.intercon.formnet
[21:50:44 INFO]: .xpx - application/vnd.intercon.formnet
[21:50:44 INFO]: .xsl - application/xml
[21:50:44 INFO]: .xslt - application/xslt+xml
[21:50:44 INFO]: .xsm - application/vnd.syncml+xml
[21:50:44 INFO]: .xspf - application/xspf+xml
[21:50:44 INFO]: .xul - application/vnd.mozilla.xul+xml
[21:50:44 INFO]: .xvm - application/xv+xml
[21:50:44 INFO]: .xvml - application/xv+xml
[21:50:44 INFO]: .xwd - image/x-xwindowdump
[21:50:44 INFO]: .xyz - chemical/x-xyz
[21:50:44 INFO]: .zaz - application/vnd.zzazz.deck+xml
[21:50:44 INFO]: .zip - application/zip
[21:50:44 INFO]: .zir - application/vnd.zul
[21:50:44 INFO]: .zirz - application/vnd.zul
[21:50:44 INFO]: .zmm - application/vnd.handheld-entertainment+xml
[21:50:44 INFO]: Starting server instance...
[21:50:45 INFO]: Incoming request [/www/thing.wav]; asset delivery: D:\Projects\CS\web\www/thing.wav
[21:50:54 INFO]: Incoming request [/www/thing.wav]; asset delivery: D:\Projects\CS\web\www/thing.wav
[21:50:54 INFO]: The process cannot access the file 'D:\Projects\CS\web\www\thing.wav' because it is being used by another process.
   at Microsoft.Win32.SafeHandles.SafeFileHandle.CreateFile(String fullPath, FileMode mode, FileAccess access, FileShare share, FileOptions options)
   at Microsoft.Win32.SafeHandles.SafeFileHandle.Open(String fullPath, FileMode mode, FileAccess access, FileShare share, FileOptions options, Int64 preallocationSize, Nullable`1 unixCreateMode)
   at System.IO.Strategies.OSFileStreamStrategy..ctor(String path, FileMode mode, FileAccess access, FileShare share, FileOptions options, Int64 preallocationSize, Nullable`1 unixCreateMode)
   at System.IO.Strategies.FileStreamHelpers.ChooseStrategyCore(String path, FileMode mode, FileAccess access, FileShare share, FileOptions options, Int64 preallocationSize, Nullable`1 unixCreateMode)
   at System.IO.File.Open(String path, FileMode mode)
   at HttpServer_x64.Internals.HttpServer.Process(HttpListenerContext ctx) in D:\Projects\CS\HttpServer\HttpServer-x64\Internals\HttpServer.cs:line 107
[21:50:57 INFO]: Incoming request [/www/thing.wav]; asset delivery: D:\Projects\CS\web\www/thing.wav
[21:50:57 INFO]: Incoming request [/www/thing.wav]; asset delivery: D:\Projects\CS\web\www/thing.wav
[21:50:57 INFO]: The specified network name is no longer available.
   at System.Net.HttpResponseStream.EndWriteCore(IAsyncResult asyncResult)
   at System.Threading.Tasks.TaskFactory`1.FromAsyncTrimPromise`1.Complete(TInstance thisRef, Func`3 endMethod, IAsyncResult asyncResult, Boolean requiresSynchronization)
--- End of stack trace from previous location ---
   at System.IO.Stream.<CopyToAsync>g__Core|27_0(Stream source, Stream destination, Int32 bufferSize, CancellationToken cancellationToken)
   at System.IO.Strategies.BufferedFileStreamStrategy.CopyToAsyncCore(Stream destination, Int32 bufferSize, CancellationToken cancellationToken)
   at HttpServer_x64.Internals.HttpServer.Process(HttpListenerContext ctx) in D:\Projects\CS\HttpServer\HttpServer-x64\Internals\HttpServer.cs:line 110
[21:51:04 INFO]: Incoming request [/www/thing.wav]; asset delivery: D:\Projects\CS\web\www/thing.wav
[21:51:04 INFO]: The process cannot access the file 'D:\Projects\CS\web\www\thing.wav' because it is being used by another process.
   at Microsoft.Win32.SafeHandles.SafeFileHandle.CreateFile(String fullPath, FileMode mode, FileAccess access, FileShare share, FileOptions options)
   at Microsoft.Win32.SafeHandles.SafeFileHandle.Open(String fullPath, FileMode mode, FileAccess access, FileShare share, FileOptions options, Int64 preallocationSize, Nullable`1 unixCreateMode)
   at System.IO.Strategies.OSFileStreamStrategy..ctor(String path, FileMode mode, FileAccess access, FileShare share, FileOptions options, Int64 preallocationSize, Nullable`1 unixCreateMode)
   at System.IO.Strategies.FileStreamHelpers.ChooseStrategyCore(String path, FileMode mode, FileAccess access, FileShare share, FileOptions options, Int64 preallocationSize, Nullable`1 unixCreateMode)
   at System.IO.File.Open(String path, FileMode mode)
   at HttpServer_x64.Internals.HttpServer.Process(HttpListenerContext ctx) in D:\Projects\CS\HttpServer\HttpServer-x64\Internals\HttpServer.cs:line 107
[21:51:10 INFO]: The specified network name is no longer available.
   at System.Net.HttpResponseStream.EndWriteCore(IAsyncResult asyncResult)
   at System.Threading.Tasks.TaskFactory`1.FromAsyncTrimPromise`1.Complete(TInstance th